

MACC02RR83AG8WP:YLogging vijayvepakomma$ pod spec lint

 -> YLogging (0.0.1)
    - WARN  | swift: The validator used Swift 3.2 by default because no Swift version was specified. To specify a Swift version during validation, add the `swift_version` attribute in your podspec. Note that usage of the `--swift-version` parameter or a `.swift-version` file is now deprecated.
    - ERROR | [OSX] xcodebuild: Returned an unsuccessful exit code. You can use `--verbose` for more information.
    - ERROR | [iOS] swift: Swift support uses dynamic frameworks and is therefore only supported on iOS > 8.

Analyzed 1 podspec.

[!] The spec did not pass validation, due to 2 errors and 1 warning.

[!] Unable to read the license file `/private/var/folders/kt/1k21lfvn4fqf_1pc1qbtrd3r0000gn/T/CocoaPods-Lint-20180408-66103-17sn41s-YLogging/Pods/YLogging/FILE_LICENSE` for the spec `YLogging (0.0.1)`

[!] Unable to read the license file `/private/var/folders/kt/1k21lfvn4fqf_1pc1qbtrd3r0000gn/T/CocoaPods-Lint-20180408-66103-17sn41s-YLogging/Pods/YLogging/FILE_LICENSE` for the spec `YLogging (0.0.1)`

[!] Unable to read the license file `/private/var/folders/kt/1k21lfvn4fqf_1pc1qbtrd3r0000gn/T/CocoaPods-Lint-20180408-66103-17sn41s-YLogging/Pods/YLogging/FILE_LICENSE` for the spec `YLogging (0.0.1)`

[!] Unable to read the license file `/private/var/folders/kt/1k21lfvn4fqf_1pc1qbtrd3r0000gn/T/CocoaPods-Lint-20180408-66103-17sn41s-YLogging/Pods/YLogging/FILE_LICENSE` for the spec `YLogging (0.0.1)`

[!] Unable to read the license file `/private/var/folders/kt/1k21lfvn4fqf_1pc1qbtrd3r0000gn/T/CocoaPods-Lint-20180408-66103-17sn41s-YLogging/Pods/YLogging/FILE_LICENSE` for the spec `YLogging (0.0.1)`

[!] Unable to read the license file `/private/var/folders/kt/1k21lfvn4fqf_1pc1qbtrd3r0000gn/T/CocoaPods-Lint-20180408-66103-17sn41s-YLogging/Pods/YLogging/FILE_LICENSE` for the spec `YLogging (0.0.1)`

[!] Unable to read the license file `/private/var/folders/kt/1k21lfvn4fqf_1pc1qbtrd3r0000gn/T/CocoaPods-Lint-20180408-66103-17sn41s-YLogging/Pods/YLogging/FILE_LICENSE` for the spec `YLogging (0.0.1)`

[!] Unable to read the license file `/private/var/folders/kt/1k21lfvn4fqf_1pc1qbtrd3r0000gn/T/CocoaPods-Lint-20180408-66103-17sn41s-YLogging/Pods/YLogging/FILE_LICENSE` for the spec `YLogging (0.0.1)`


FIX:


MACC02RR83AG8WP:YLogging vijayvepakomma$ git tag 0.0.2
MACC02RR83AG8WP:YLogging vijayvepakomma$ git push --tags
Total 0 (delta 0), reused 0 (delta 0)
To https://github.com/vijayvepa/YLogging.git
 * [new tag]         0.0.2 -> 0.0.2
MACC02RR83AG8WP:YLogging vijayvepakomma$ git push --tags
Everything up-to-date
